<?xml version="1.0" encoding="UTF-8"?>
<testng-results skipped="0" failed="1" ignored="0" total="2" passed="1">
  <reporter-output>
  </reporter-output>
  <suite name="Default suite" duration-ms="87367" started-at="2019-06-10T23:47:47Z" finished-at="2019-06-10T23:49:15Z">
    <groups>
    </groups>
    <test name="Default test" duration-ms="87367" started-at="2019-06-10T23:47:47Z" finished-at="2019-06-10T23:49:15Z">
      <class name="volnay.Test.LoginTest">
        <test-method status="PASS" signature="test_Home_Page_Appear_Correct(java.lang.String, java.lang.String, java.util.ArrayList)[pri:0, instance:volnay.Test.LoginTest@4d1b0d2a]" name="test_Home_Page_Appear_Correct" duration-ms="80498" started-at="2019-06-10T23:47:54Z" data-provider="dp" finished-at="2019-06-10T23:49:15Z">
          <params>
            <param index="0">
              <value>
                <![CDATA[infant.derrick.gnanasusairaj@gmail.com]]>
              </value>
            </param>
            <param index="1">
              <value>
                <![CDATA[Gnanasusairaj123]]>
              </value>
            </param>
            <param index="2">
              <value>
                <![CDATA[[volnay.Test.AddEventFields@f58853c, volnay.Test.AddEventFields@1224144a]]]>
              </value>
            </param>
          </params>
          <reporter-output>
          </reporter-output>
        </test-method> <!-- test_Home_Page_Appear_Correct -->
      </class> <!-- volnay.Test.LoginTest -->
      <class name="volnay.Test.AddEventTest">
        <test-method status="PASS" signature="launchBrowser()[pri:0, instance:volnay.Test.AddEventTest@954b04f]" name="launchBrowser" is-config="true" duration-ms="3896" started-at="2019-06-10T23:47:47Z" finished-at="2019-06-10T23:47:51Z">
          <reporter-output>
          </reporter-output>
        </test-method> <!-- launchBrowser -->
        <test-method status="PASS" signature="launchBrowser()[pri:0, instance:volnay.Test.LoginTest@4d1b0d2a]" name="launchBrowser" is-config="true" duration-ms="2923" started-at="2019-06-10T23:47:51Z" finished-at="2019-06-10T23:47:54Z">
          <reporter-output>
          </reporter-output>
        </test-method> <!-- launchBrowser -->
        <test-method status="FAIL" signature="addEventVerify(volnay.Test.AddEventFields)[pri:0, instance:volnay.Test.AddEventTest@954b04f]" name="addEventVerify" duration-ms="1" started-at="2019-06-10T23:49:15Z" data-provider="dp" finished-at="2019-06-10T23:49:15Z">
          <exception class="org.testng.internal.reflect.MethodMatcherException">
            <message>
              <![CDATA[
Data provider mismatch
Method: addEventVerify([Parameter{index=0, type=volnay.Test.AddEventFields, declaredAnnotations=[]}])
Arguments: [(java.lang.String) 10/10/10,(java.lang.String) 10:10AM,(java.lang.String) infant,(java.lang.String) derrick,(java.lang.String) gnanasusairaj,(java.lang.String) @gmail,(java.lang.String) com,(java.lang.String) Gnanasusairaj123,(java.lang.String) test]]]>
            </message>
            <full-stacktrace>
              <![CDATA[org.testng.internal.reflect.MethodMatcherException: 
Data provider mismatch
Method: addEventVerify([Parameter{index=0, type=volnay.Test.AddEventFields, declaredAnnotations=[]}])
Arguments: [(java.lang.String) 10/10/10,(java.lang.String) 10:10AM,(java.lang.String) infant,(java.lang.String) derrick,(java.lang.String) gnanasusairaj,(java.lang.String) @gmail,(java.lang.String) com,(java.lang.String) Gnanasusairaj123,(java.lang.String) test]
at org.testng.internal.reflect.DataProviderMethodMatcher.getConformingArguments(DataProviderMethodMatcher.java:45)
at org.testng.internal.Parameters.injectParameters(Parameters.java:796)
at org.testng.internal.Invoker.invokeTestMethods(Invoker.java:982)
at org.testng.internal.TestMethodWorker.invokeTestMethods(TestMethodWorker.java:125)
at org.testng.internal.TestMethodWorker.run(TestMethodWorker.java:109)
at org.testng.TestRunner.privateRun(TestRunner.java:648)
at org.testng.TestRunner.run(TestRunner.java:505)
at org.testng.SuiteRunner.runTest(SuiteRunner.java:455)
at org.testng.SuiteRunner.runSequentially(SuiteRunner.java:450)
at org.testng.SuiteRunner.privateRun(SuiteRunner.java:415)
at org.testng.SuiteRunner.run(SuiteRunner.java:364)
at org.testng.SuiteRunnerWorker.runSuite(SuiteRunnerWorker.java:52)
at org.testng.SuiteRunnerWorker.run(SuiteRunnerWorker.java:84)
at org.testng.TestNG.runSuitesSequentially(TestNG.java:1208)
at org.testng.TestNG.runSuitesLocally(TestNG.java:1137)
at org.testng.TestNG.runSuites(TestNG.java:1049)
at org.testng.TestNG.run(TestNG.java:1017)
at org.testng.remote.AbstractRemoteTestNG.run(AbstractRemoteTestNG.java:114)
at org.testng.remote.RemoteTestNG.initAndRun(RemoteTestNG.java:251)
at org.testng.remote.RemoteTestNG.main(RemoteTestNG.java:77)
]]>
            </full-stacktrace>
          </exception> <!-- org.testng.internal.reflect.MethodMatcherException -->
          <reporter-output>
          </reporter-output>
        </test-method> <!-- addEventVerify -->
        <test-method status="PASS" signature="afterTest()[pri:0, instance:volnay.Test.AddEventTest@954b04f]" name="afterTest" is-config="true" duration-ms="0" started-at="2019-06-10T23:49:15Z" finished-at="2019-06-10T23:49:15Z">
          <reporter-output>
          </reporter-output>
        </test-method> <!-- afterTest -->
        <test-method status="PASS" signature="afterTest()[pri:0, instance:volnay.Test.LoginTest@4d1b0d2a]" name="afterTest" is-config="true" duration-ms="1" started-at="2019-06-10T23:49:15Z" finished-at="2019-06-10T23:49:15Z">
          <reporter-output>
          </reporter-output>
        </test-method> <!-- afterTest -->
      </class> <!-- volnay.Test.AddEventTest -->
    </test> <!-- Default test -->
  </suite> <!-- Default suite -->
</testng-results>
